Using pre-set license
Built from '2020.3/staging' branch; Version is '2020.3.14f1 (d0d1bb862f9d) revision 13685179'; Using compiler version '192528614'; Build Type 'Release'
OS: 'Windows 10 Pro; OS build 19044.1766; Version 2009; 64bit' Language: 'pt' Physical Memory: 16321 MB
BatchMode: 1, IsHumanControllingUs: 0, StartBugReporterOnCrash: 0, Is64bit: 1, IsPro: 0

 COMMAND LINE ARGUMENTS:
C:\Program Files\Unity\Hub\Editor\2020.3.14f1\Editor\Unity.exe
-adb2
-batchMode
-noUpm
-name
AssetImportWorker0
-projectPath
C:/Users/USUARIO/Desktop/Arcade
-logFile
Logs/AssetImportWorker0.log
-srvPort
63737
Successfully changed project path to: C:/Users/USUARIO/Desktop/Arcade
C:/Users/USUARIO/Desktop/Arcade
Using Asset Import Pipeline V2.
Refreshing native plugins compatible for Editor in 56.43 ms, found 3 plugins.
Preloading 0 native plugins for Editor in 0.00 ms.
Initialize engine version: 2020.3.14f1 (d0d1bb862f9d)
[Subsystems] Discovering subsystems at path C:/Program Files/Unity/Hub/Editor/2020.3.14f1/Editor/Data/Resources/UnitySubsystems
[Subsystems] Discovering subsystems at path C:/Users/USUARIO/Desktop/Arcade/Assets
GfxDevice: creating device client; threaded=0
Direct3D:
    Version:  Direct3D 11.0 [level 11.1]
    Renderer: NVIDIA GeForce GTX 1050 Ti (ID=0x1c82)
    Vendor:   
    VRAM:     4018 MB
    Driver:   30.0.14.9709
Initialize mono
Mono path[0] = 'C:/Program Files/Unity/Hub/Editor/2020.3.14f1/Editor/Data/Managed'
Mono path[1] = 'C:/Program Files/Unity/Hub/Editor/2020.3.14f1/Editor/Data/MonoBleedingEdge/lib/mono/unityjit'
Mono config path = 'C:/Program Files/Unity/Hub/Editor/2020.3.14f1/Editor/Data/MonoBleedingEdge/etc'
Using monoOptions --debugger-agent=transport=dt_socket,embedding=1,server=y,suspend=n,address=127.0.0.1:56136
Begin MonoManager ReloadAssembly
Registering precompiled unity dll's ...
Register platform support module: C:/Program Files/Unity/Hub/Editor/2020.3.14f1/Editor/Data/PlaybackEngines/WindowsStandaloneSupport/UnityEditor.WindowsStandalone.Extensions.dll
Registered in 0.002755 seconds.
Native extension for WindowsStandalone target not found
Refreshing native plugins compatible for Editor in 57.59 ms, found 3 plugins.
Preloading 0 native plugins for Editor in 0.00 ms.
Mono: successfully reloaded assembly
- Completed reload, in  1.835 seconds
Domain Reload Profiling:
	ReloadAssembly (1836ms)
		BeginReloadAssembly (169ms)
			ExecutionOrderSort (0ms)
			DisableScriptedObjects (0ms)
			BackupInstance (0ms)
			ReleaseScriptingObjects (0ms)
			CreateAndSetChildDomain (1ms)
		EndReloadAssembly (565ms)
			LoadAssemblies (166ms)
			RebuildTransferFunctionScriptingTraits (0ms)
			SetupTypeCache (212ms)
			ReleaseScriptCaches (0ms)
			RebuildScriptCaches (39ms)
			SetupLoadedEditorAssemblies (223ms)
				LogAssemblyErrors (0ms)
				InitializePlatformSupportModulesInManaged (5ms)
				SetLoadedEditorAssemblies (0ms)
				RefreshPlugins (58ms)
				BeforeProcessingInitializeOnLoad (8ms)
				ProcessInitializeOnLoadAttributes (107ms)
				ProcessInitializeOnLoadMethodAttributes (45ms)
				AfterProcessingInitializeOnLoad (0ms)
				EditorAssembliesLoaded (0ms)
			ExecutionOrderSort2 (0ms)
			AwakeInstancesAfterBackupRestoration (0ms)
Platform modules already initialized, skipping
Registering precompiled user dll's ...
Registered in 0.007737 seconds.
Begin MonoManager ReloadAssembly
Native extension for WindowsStandalone target not found
Refreshing native plugins compatible for Editor in 110.13 ms, found 3 plugins.
Preloading 0 native plugins for Editor in 0.00 ms.
Mono: successfully reloaded assembly
- Completed reload, in  2.229 seconds
Domain Reload Profiling:
	ReloadAssembly (2233ms)
		BeginReloadAssembly (194ms)
			ExecutionOrderSort (0ms)
			DisableScriptedObjects (6ms)
			BackupInstance (0ms)
			ReleaseScriptingObjects (0ms)
			CreateAndSetChildDomain (22ms)
		EndReloadAssembly (1917ms)
			LoadAssemblies (141ms)
			RebuildTransferFunctionScriptingTraits (0ms)
			SetupTypeCache (510ms)
			ReleaseScriptCaches (2ms)
			RebuildScriptCaches (177ms)
			SetupLoadedEditorAssemblies (720ms)
				LogAssemblyErrors (0ms)
				InitializePlatformSupportModulesInManaged (13ms)
				SetLoadedEditorAssemblies (0ms)
				RefreshPlugins (110ms)
				BeforeProcessingInitializeOnLoad (180ms)
				ProcessInitializeOnLoadAttributes (376ms)
				ProcessInitializeOnLoadMethodAttributes (24ms)
				AfterProcessingInitializeOnLoad (16ms)
				EditorAssembliesLoaded (0ms)
			ExecutionOrderSort2 (0ms)
			AwakeInstancesAfterBackupRestoration (13ms)
Platform modules already initialized, skipping
========================================================================
Worker process is ready to serve import requests
Launched and connected shader compiler UnityShaderCompiler.exe after 0.07 seconds
Refreshing native plugins compatible for Editor in 1.41 ms, found 3 plugins.
Preloading 0 native plugins for Editor in 0.00 ms.
Unloading 2091 Unused Serialized files (Serialized files now loaded: 0)
System memory in use before: 106.3 MB.
System memory in use after: 106.3 MB.

Unloading 32 unused Assets to reduce memory usage. Loaded Objects now: 2543.
Total: 3.395400 ms (FindLiveObjects: 0.314500 ms CreateObjectMapping: 0.215500 ms MarkObjects: 2.689100 ms  DeleteObjects: 0.174700 ms)

AssetImportParameters requested are different than current active one (requested -> active):
  custom:framework-win-MediaFoundation: 216162199b28c13a410421893ffa2e32 -> 
  custom:video-decoder-ogg-theora: a1e56fd34408186e4bbccfd4996cb3dc -> 
  custom:container-muxer-webm: aa71ff27fc2769a1b78a27578f13a17b -> 
  custom:container-demuxer-webm: 4f35f7cbe854078d1ac9338744f61a02 -> 
  custom:container-demuxer-ogg: 62fdf1f143b41e24485cea50d1cbac27 -> 
  custom:video-encoder-webm-vp8: eb34c28f22e8b96e1ab97ce403110664 -> 
  custom:video-decoder-webm-vp8: 9c59270c3fd7afecdb556c50c9e8de78 -> 
  custom:audio-decoder-ogg-vorbis: bf7c407c2cedff20999df2af8eb42d56 -> 
  custom:audio-encoder-webm-vorbis: bf7c407c2cedff20999df2af8eb42d56 -> 
========================================================================
Received Import Request.
  path: Assets/New map/mapthings_51.asset
  artifactKey: Guid(2bfdd54ca475dba4ba822fee5eb8727a) Importer(815301076,1909f56bfc062723c751e8b465ee728b)
Start importing Assets/New map/mapthings_51.asset using Guid(2bfdd54ca475dba4ba822fee5eb8727a) Importer(815301076,1909f56bfc062723c751e8b465ee728b)  -> (artifact id: '04e6d32a2ef2a0a7440c7b11335a71de') in 0.186195 seconds 
  Import took 0.192814 seconds .

========================================================================
Received Import Request.
  Time since last request: 0.000314 seconds.
  path: Assets/New map/mapthings_8.asset
  artifactKey: Guid(e15950c39b673dd4a882e7773ba21bf1) Importer(815301076,1909f56bfc062723c751e8b465ee728b)
Start importing Assets/New map/mapthings_8.asset using Guid(e15950c39b673dd4a882e7773ba21bf1) Importer(815301076,1909f56bfc062723c751e8b465ee728b)  -> (artifact id: 'c685ad3e7615a90a8ff3493f2499327f') in 0.040514 seconds 
  Import took 0.045552 seconds .

========================================================================
Received Import Request.
  Time since last request: 0.000246 seconds.
  path: Assets/New map/mapthings_46.asset
  artifactKey: Guid(c2a41ce194a4b2b4eb4b2303915fa082) Importer(815301076,1909f56bfc062723c751e8b465ee728b)
Start importing Assets/New map/mapthings_46.asset using Guid(c2a41ce194a4b2b4eb4b2303915fa082) Importer(815301076,1909f56bfc062723c751e8b465ee728b)  -> (artifact id: '235abe5bdb6d8c9d2e4d75ff7e761c72') in 0.023127 seconds 
  Import took 0.029990 seconds .

========================================================================
Received Import Request.
  Time since last request: 0.000248 seconds.
  path: Assets/New map/mapthings_52.asset
  artifactKey: Guid(131c818a91f0840419f5bde861929769) Importer(815301076,1909f56bfc062723c751e8b465ee728b)
Start importing Assets/New map/mapthings_52.asset using Guid(131c818a91f0840419f5bde861929769) Importer(815301076,1909f56bfc062723c751e8b465ee728b)  -> (artifact id: 'bbb015bb56eeb1b426e9d7880fe0d7b9') in 0.018543 seconds 
  Import took 0.025172 seconds .

========================================================================
Received Import Request.
  Time since last request: 0.000214 seconds.
  path: Assets/New map/mapthings_11.asset
  artifactKey: Guid(78ba7f1f19a83f046b37ff855ab9cc7f) Importer(815301076,1909f56bfc062723c751e8b465ee728b)
Start importing Assets/New map/mapthings_11.asset using Guid(78ba7f1f19a83f046b37ff855ab9cc7f) Importer(815301076,1909f56bfc062723c751e8b465ee728b)  -> (artifact id: 'c879b427a3c7b6acd3374991f57db8cf') in 0.028303 seconds 
  Import took 0.033699 seconds .

========================================================================
Received Import Request.
  Time since last request: 0.000265 seconds.
  path: Assets/New map/mapthings_12.asset
  artifactKey: Guid(dbc6be7d77ea8ca47b4624332eb84fe0) Importer(815301076,1909f56bfc062723c751e8b465ee728b)
Start importing Assets/New map/mapthings_12.asset using Guid(dbc6be7d77ea8ca47b4624332eb84fe0) Importer(815301076,1909f56bfc062723c751e8b465ee728b)  -> (artifact id: '853c1420d8f33663084eddd54f044d47') in 0.025696 seconds 
  Import took 0.031224 seconds .

========================================================================
Received Import Request.
  Time since last request: 0.000227 seconds.
  path: Assets/New map/mapthings_13.asset
  artifactKey: Guid(f6874e9459d9d0e4c9d946cfd0ffe033) Importer(815301076,1909f56bfc062723c751e8b465ee728b)
Start importing Assets/New map/mapthings_13.asset using Guid(f6874e9459d9d0e4c9d946cfd0ffe033) Importer(815301076,1909f56bfc062723c751e8b465ee728b)  -> (artifact id: '809402c1cf5ffc9cf6078791aa40806e') in 0.026899 seconds 
  Import took 0.032432 seconds .

========================================================================
Received Import Request.
  Time since last request: 0.000267 seconds.
  path: Assets/New map/mapthings_48.asset
  artifactKey: Guid(aeed2d2aa1980644aac1692f61337fb3) Importer(815301076,1909f56bfc062723c751e8b465ee728b)
Start importing Assets/New map/mapthings_48.asset using Guid(aeed2d2aa1980644aac1692f61337fb3) Importer(815301076,1909f56bfc062723c751e8b465ee728b)  -> (artifact id: '2ab5ebc469d33e112f47155313a75c5b') in 0.022677 seconds 
  Import took 0.027825 seconds .

========================================================================
Received Import Request.
  Time since last request: 0.000240 seconds.
  path: Assets/New map/mapthings_17.asset
  artifactKey: Guid(78b3e6388654d79459c2c4df7bb5ea71) Importer(815301076,1909f56bfc062723c751e8b465ee728b)
Start importing Assets/New map/mapthings_17.asset using Guid(78b3e6388654d79459c2c4df7bb5ea71) Importer(815301076,1909f56bfc062723c751e8b465ee728b)  -> (artifact id: '5c06badc14051fc6fe30984a79e44831') in 0.016186 seconds 
  Import took 0.020570 seconds .

========================================================================
Received Import Request.
  Time since last request: 0.000325 seconds.
  path: Assets/New map/mapthings_49.asset
  artifactKey: Guid(fcc09924fd9d07341a9944e8fd7a2a5b) Importer(815301076,1909f56bfc062723c751e8b465ee728b)
Start importing Assets/New map/mapthings_49.asset using Guid(fcc09924fd9d07341a9944e8fd7a2a5b) Importer(815301076,1909f56bfc062723c751e8b465ee728b)  -> (artifact id: 'e3fdde24df497ca4900d4ca6281f600e') in 0.011673 seconds 
  Import took 0.017349 seconds .

========================================================================
Received Import Request.
  Time since last request: 0.000219 seconds.
  path: Assets/New map/mapthings_31.asset
  artifactKey: Guid(8f479b04a99285143bc7b5ec06c83273) Importer(815301076,1909f56bfc062723c751e8b465ee728b)
Start importing Assets/New map/mapthings_31.asset using Guid(8f479b04a99285143bc7b5ec06c83273) Importer(815301076,1909f56bfc062723c751e8b465ee728b)  -> (artifact id: 'bcf35acbbb980025f270bc8e7b269852') in 0.012798 seconds 
  Import took 0.018727 seconds .

========================================================================
Received Import Request.
  Time since last request: 0.000281 seconds.
  path: Assets/New map/mapthings_50.asset
  artifactKey: Guid(f26bf62cb9a48214fb84c676504bdfd7) Importer(815301076,1909f56bfc062723c751e8b465ee728b)
Start importing Assets/New map/mapthings_50.asset using Guid(f26bf62cb9a48214fb84c676504bdfd7) Importer(815301076,1909f56bfc062723c751e8b465ee728b)  -> (artifact id: 'c1a63b4665c57e950788709ca806e968') in 0.012802 seconds 
  Import took 0.016681 seconds .

========================================================================
Received Import Request.
  Time since last request: 0.000197 seconds.
  path: Assets/New map/mapthings_0.asset
  artifactKey: Guid(614d95b2299f26f4fa42a5c60a22e9f2) Importer(815301076,1909f56bfc062723c751e8b465ee728b)
Start importing Assets/New map/mapthings_0.asset using Guid(614d95b2299f26f4fa42a5c60a22e9f2) Importer(815301076,1909f56bfc062723c751e8b465ee728b)  -> (artifact id: '6535cea36ff39da50d2999cff9c86b7d') in 0.012857 seconds 
  Import took 0.016870 seconds .

========================================================================
Received Import Request.
  Time since last request: 0.000227 seconds.
  path: Assets/New map/mapthings_41.asset
  artifactKey: Guid(45df315fa1cba4049bb85227dc994f02) Importer(815301076,1909f56bfc062723c751e8b465ee728b)
Start importing Assets/New map/mapthings_41.asset using Guid(45df315fa1cba4049bb85227dc994f02) Importer(815301076,1909f56bfc062723c751e8b465ee728b)  -> (artifact id: 'ff897896c754d3a96399b929f207cfd5') in 0.013906 seconds 
  Import took 0.017769 seconds .

========================================================================
Received Import Request.
  Time since last request: 0.000216 seconds.
  path: Assets/New map/mapthings_45.asset
  artifactKey: Guid(700934c6f58b50f4da48f74d3e608efb) Importer(815301076,1909f56bfc062723c751e8b465ee728b)
Start importing Assets/New map/mapthings_45.asset using Guid(700934c6f58b50f4da48f74d3e608efb) Importer(815301076,1909f56bfc062723c751e8b465ee728b)  -> (artifact id: '8ba3d7ade895443a4a3dad1f68cc325e') in 0.015611 seconds 
  Import took 0.019460 seconds .

========================================================================
Received Import Request.
  Time since last request: 0.000226 seconds.
  path: Assets/New map/mapthings_14.asset
  artifactKey: Guid(12de03cd90610154b95972b0c9ec94bc) Importer(815301076,1909f56bfc062723c751e8b465ee728b)
Start importing Assets/New map/mapthings_14.asset using Guid(12de03cd90610154b95972b0c9ec94bc) Importer(815301076,1909f56bfc062723c751e8b465ee728b)  -> (artifact id: 'a5fd2415fe13664d0a1e99705ddb6ff9') in 0.013853 seconds 
  Import took 0.017696 seconds .

========================================================================
Received Import Request.
  Time since last request: 0.000200 seconds.
  path: Assets/New map/mapthings_5.asset
  artifactKey: Guid(5da237ea351562b479f97156e668357a) Importer(815301076,1909f56bfc062723c751e8b465ee728b)
Start importing Assets/New map/mapthings_5.asset using Guid(5da237ea351562b479f97156e668357a) Importer(815301076,1909f56bfc062723c751e8b465ee728b)  -> (artifact id: 'aef265a4d0edd99ef7781a1843bdba59') in 0.010955 seconds 
  Import took 0.015948 seconds .

========================================================================
Received Import Request.
  Time since last request: 0.000237 seconds.
  path: Assets/New map/mapthings_19.asset
  artifactKey: Guid(1daab31fdfc94b840a1af15370f9fd7c) Importer(815301076,1909f56bfc062723c751e8b465ee728b)
Start importing Assets/New map/mapthings_19.asset using Guid(1daab31fdfc94b840a1af15370f9fd7c) Importer(815301076,1909f56bfc062723c751e8b465ee728b)  -> (artifact id: 'ba8683f1cf0611714c2d2211f0dca6b2') in 0.011896 seconds 
  Import took 0.017964 seconds .

========================================================================
Received Import Request.
  Time since last request: 0.000237 seconds.
  path: Assets/New map/mapthings_53.asset
  artifactKey: Guid(4b3c9e75f58bbac41abc251352cb4421) Importer(815301076,1909f56bfc062723c751e8b465ee728b)
Start importing Assets/New map/mapthings_53.asset using Guid(4b3c9e75f58bbac41abc251352cb4421) Importer(815301076,1909f56bfc062723c751e8b465ee728b)  -> (artifact id: 'f898872be7d9f27c6975eed79df02d51') in 0.011509 seconds 
  Import took 0.016231 seconds .

========================================================================
Received Import Request.
  Time since last request: 0.000219 seconds.
  path: Assets/New map/mapthings_1.asset
  artifactKey: Guid(b4e54c288004c0246a8149edaf406ead) Importer(815301076,1909f56bfc062723c751e8b465ee728b)
Start importing Assets/New map/mapthings_1.asset using Guid(b4e54c288004c0246a8149edaf406ead) Importer(815301076,1909f56bfc062723c751e8b465ee728b)  -> (artifact id: '07338c30cc7da57450d9fd9c118d27cc') in 0.011953 seconds 
  Import took 0.015718 seconds .

========================================================================
Received Import Request.
  Time since last request: 0.000242 seconds.
  path: Assets/New map/mapthings_10.asset
  artifactKey: Guid(ec4965704a80d33408f0ccf42b1a372b) Importer(815301076,1909f56bfc062723c751e8b465ee728b)
Start importing Assets/New map/mapthings_10.asset using Guid(ec4965704a80d33408f0ccf42b1a372b) Importer(815301076,1909f56bfc062723c751e8b465ee728b)  -> (artifact id: '802def03a9e221432bea15bc67c6c8eb') in 0.011925 seconds 
  Import took 0.015898 seconds .

========================================================================
Received Import Request.
  Time since last request: 0.000201 seconds.
  path: Assets/New map/mapthings_2.asset
  artifactKey: Guid(ffa95bfceba42144caf21da84d86e628) Importer(815301076,1909f56bfc062723c751e8b465ee728b)
Start importing Assets/New map/mapthings_2.asset using Guid(ffa95bfceba42144caf21da84d86e628) Importer(815301076,1909f56bfc062723c751e8b465ee728b)  -> (artifact id: 'b81c82d45c40f1702a81890a2952a47f') in 0.013000 seconds 
  Import took 0.017448 seconds .

========================================================================
Received Import Request.
  Time since last request: 0.000258 seconds.
  path: Assets/New map/mapthings_4.asset
  artifactKey: Guid(13177692a78b9b34d98f198406ccdbe3) Importer(815301076,1909f56bfc062723c751e8b465ee728b)
Start importing Assets/New map/mapthings_4.asset using Guid(13177692a78b9b34d98f198406ccdbe3) Importer(815301076,1909f56bfc062723c751e8b465ee728b)  -> (artifact id: 'a42418ac257112feaff8d26392f2e68a') in 0.014425 seconds 
  Import took 0.018643 seconds .

========================================================================
Received Import Request.
  Time since last request: 0.000246 seconds.
  path: Assets/New map/mapthings_47.asset
  artifactKey: Guid(81146e5d295028e48be33d139c22e133) Importer(815301076,1909f56bfc062723c751e8b465ee728b)
Start importing Assets/New map/mapthings_47.asset using Guid(81146e5d295028e48be33d139c22e133) Importer(815301076,1909f56bfc062723c751e8b465ee728b)  -> (artifact id: '5851f6686461143db09ef5d4e6ee6941') in 0.012015 seconds 
  Import took 0.016010 seconds .

========================================================================
Received Import Request.
  Time since last request: 0.000257 seconds.
  path: Assets/New map/mapthings_6.asset
  artifactKey: Guid(ab72d924019844042a07ece9faede19b) Importer(815301076,1909f56bfc062723c751e8b465ee728b)
Start importing Assets/New map/mapthings_6.asset using Guid(ab72d924019844042a07ece9faede19b) Importer(815301076,1909f56bfc062723c751e8b465ee728b)  -> (artifact id: '4d36503596728b9798c1b29301595a13') in 0.013770 seconds 
  Import took 0.017673 seconds .

========================================================================
Received Import Request.
  Time since last request: 0.000195 seconds.
  path: Assets/New map/mapthings_16.asset
  artifactKey: Guid(d9bfc2aa8499a3647afd73d4fce2fec0) Importer(815301076,1909f56bfc062723c751e8b465ee728b)
Start importing Assets/New map/mapthings_16.asset using Guid(d9bfc2aa8499a3647afd73d4fce2fec0) Importer(815301076,1909f56bfc062723c751e8b465ee728b)  -> (artifact id: '1c4ff5d64433b65dde067c313763b652') in 0.011121 seconds 
  Import took 0.015552 seconds .

========================================================================
Received Import Request.
  Time since last request: 0.000217 seconds.
  path: Assets/New map/mapthings_15.asset
  artifactKey: Guid(120dfa83fc23a02428a93c207f8b85eb) Importer(815301076,1909f56bfc062723c751e8b465ee728b)
Start importing Assets/New map/mapthings_15.asset using Guid(120dfa83fc23a02428a93c207f8b85eb) Importer(815301076,1909f56bfc062723c751e8b465ee728b)  -> (artifact id: '304185d4b5561d9eb50d29efea4beae9') in 0.011188 seconds 
  Import took 0.015983 seconds .

========================================================================
Received Import Request.
  Time since last request: 0.000192 seconds.
  path: Assets/New map/mapthings_7.asset
  artifactKey: Guid(e220f600ce4b7c64087d854db3c5cd0d) Importer(815301076,1909f56bfc062723c751e8b465ee728b)
Start importing Assets/New map/mapthings_7.asset using Guid(e220f600ce4b7c64087d854db3c5cd0d) Importer(815301076,1909f56bfc062723c751e8b465ee728b)  -> (artifact id: 'a197248026e960583c9bdbd0d65dc9d3') in 0.011529 seconds 
  Import took 0.016213 seconds .

========================================================================
Received Import Request.
  Time since last request: 0.000234 seconds.
  path: Assets/New map/mapthings_20.asset
  artifactKey: Guid(ebd445a844300944c8d2182506734b18) Importer(815301076,1909f56bfc062723c751e8b465ee728b)
Start importing Assets/New map/mapthings_20.asset using Guid(ebd445a844300944c8d2182506734b18) Importer(815301076,1909f56bfc062723c751e8b465ee728b)  -> (artifact id: '1f1384356a806fae6aff2002780659b3') in 0.011735 seconds 
  Import took 0.018183 seconds .

========================================================================
Received Import Request.
  Time since last request: 0.000255 seconds.
  path: Assets/New map/mapthings_21.asset
  artifactKey: Guid(a9cc0454946f3374b98a6b5bb8b959d1) Importer(815301076,1909f56bfc062723c751e8b465ee728b)
Start importing Assets/New map/mapthings_21.asset using Guid(a9cc0454946f3374b98a6b5bb8b959d1) Importer(815301076,1909f56bfc062723c751e8b465ee728b)  -> (artifact id: 'eb318a3378c439840ac3ad310cc167ee') in 0.011273 seconds 
  Import took 0.016039 seconds .

========================================================================
Received Import Request.
  Time since last request: 0.000423 seconds.
  path: Assets/New map/mapthings_18.asset
  artifactKey: Guid(a53f73d0d552a234b8f9952e572e1a07) Importer(815301076,1909f56bfc062723c751e8b465ee728b)
Start importing Assets/New map/mapthings_18.asset using Guid(a53f73d0d552a234b8f9952e572e1a07) Importer(815301076,1909f56bfc062723c751e8b465ee728b)  -> (artifact id: '65251e4368c788ac0e5c22cf4ec6100e') in 0.027867 seconds 
  Import took 0.032692 seconds .

AssetImportWorkerClient::OnTransportError - code=2 error=End of file
